# JRE version: Java(TM) SE Runtime Environment (8.0_171-b11) (build 1.8.0_171-b11)
# Java VM: Java HotSpot(TM) 64-Bit Server VM (25.171-b11 mixed mode windows-amd64 compressed oops)
Heap:
 PSYoungGen      total 101888K, used 21458K [0x00000000e0b00000, 0x00000000eb780000, 0x0000000100000000)
  eden space 98304K, 18% used [0x00000000e0b00000,0x00000000e1c76a50,0x00000000e6b00000)
  from space 3584K, 99% used [0x00000000e6b00000,0x00000000e6e7de70,0x00000000e6e80000)
  to   space 22528K, 0% used [0x00000000ea180000,0x00000000ea180000,0x00000000eb780000)
 ParOldGen       total 71168K, used 44007K [0x00000000a2000000, 0x00000000a6580000, 0x00000000e0b00000)
  object space 71168K, 61% used [0x00000000a2000000,0x00000000a4af9fe0,0x00000000a6580000)
 Metaspace       used 25353K, capacity 25934K, committed 26112K, reserved 1073152K
  class space    used 3033K, capacity 3218K, committed 3328K, reserved 1048576K
GC Heap History (10 events):
Event: 9.619 GC heap before
{Heap before GC invocations=4 (full 0):
 PSYoungGen      total 52736K, used 52720K [0x00000000e0b00000, 0x00000000e7200000, 0x0000000100000000)
  eden space 49152K, 100% used [0x00000000e0b00000,0x00000000e3b00000,0x00000000e3b00000)
  from space 3584K, 99% used [0x00000000e3b00000,0x00000000e3e7c030,0x00000000e3e80000)
  to   space 3584K, 0% used [0x00000000e6e80000,0x00000000e6e80000,0x00000000e7200000)
 ParOldGen       total 64512K, used 8975K [0x00000000a2000000, 0x00000000a5f00000, 0x00000000e0b00000)
  object space 64512K, 13% used [0x00000000a2000000,0x00000000a28c3cc0,0x00000000a5f00000)
 Metaspace       used 15427K, capacity 15630K, committed 15872K, reserved 1062912K
  class space    used 1867K, capacity 1973K, committed 2048K, reserved 1048576K
Event: 9.658 GC heap after
Heap after GC invocations=4 (full 0):
 PSYoungGen      total 101888K, used 3584K [0x00000000e0b00000, 0x00000000e7200000, 0x0000000100000000)
  eden space 98304K, 0% used [0x00000000e0b00000,0x00000000e0b00000,0x00000000e6b00000)
  from space 3584K, 100% used [0x00000000e6e80000,0x00000000e7200000,0x00000000e7200000)
  to   space 3584K, 0% used [0x00000000e6b00000,0x00000000e6b00000,0x00000000e6e80000)
 ParOldGen       total 64512K, used 15156K [0x00000000a2000000, 0x00000000a5f00000, 0x00000000e0b00000)
  object space 64512K, 23% used [0x00000000a2000000,0x00000000a2ecd128,0x00000000a5f00000)
 Metaspace       used 15427K, capacity 15630K, committed 15872K, reserved 1062912K
  class space    used 1867K, capacity 1973K, committed 2048K, reserved 1048576K
}
Event: 12.526 GC heap before
{Heap before GC invocations=5 (full 0):
 PSYoungGen      total 101888K, used 101888K [0x00000000e0b00000, 0x00000000e7200000, 0x0000000100000000)
  eden space 98304K, 100% used [0x00000000e0b00000,0x00000000e6b00000,0x00000000e6b00000)
  from space 3584K, 100% used [0x00000000e6e80000,0x00000000e7200000,0x00000000e7200000)
  to   space 3584K, 0% used [0x00000000e6b00000,0x00000000e6b00000,0x00000000e6e80000)
 ParOldGen       total 64512K, used 15156K [0x00000000a2000000, 0x00000000a5f00000, 0x00000000e0b00000)
  object space 64512K, 23% used [0x00000000a2000000,0x00000000a2ecd128,0x00000000a5f00000)
 Metaspace       used 17109K, capacity 17562K, committed 17792K, reserved 1064960K
  class space    used 2020K, capacity 2159K, committed 2176K, reserved 1048576K
Event: 12.557 GC heap after
Heap after GC invocations=5 (full 0):
 PSYoungGen      total 101888K, used 3552K [0x00000000e0b00000, 0x00000000e7200000, 0x0000000100000000)
  eden space 98304K, 0% used [0x00000000e0b00000,0x00000000e0b00000,0x00000000e6b00000)
  from space 3584K, 99% used [0x00000000e6b00000,0x00000000e6e78020,0x00000000e6e80000)
  to   space 3584K, 0% used [0x00000000e6e80000,0x00000000e6e80000,0x00000000e7200000)
 ParOldGen       total 64512K, used 22753K [0x00000000a2000000, 0x00000000a5f00000, 0x00000000e0b00000)
  object space 64512K, 35% used [0x00000000a2000000,0x00000000a3638488,0x00000000a5f00000)
 Metaspace       used 17109K, capacity 17562K, committed 17792K, reserved 1064960K
  class space    used 2020K, capacity 2159K, committed 2176K, reserved 1048576K
}
Event: 13.282 GC heap before
{Heap before GC invocations=6 (full 0):
 PSYoungGen      total 101888K, used 23318K [0x00000000e0b00000, 0x00000000e7200000, 0x0000000100000000)
  eden space 98304K, 20% used [0x00000000e0b00000,0x00000000e1e4d830,0x00000000e6b00000)
  from space 3584K, 99% used [0x00000000e6b00000,0x00000000e6e78020,0x00000000e6e80000)
  to   space 3584K, 0% used [0x00000000e6e80000,0x00000000e6e80000,0x00000000e7200000)
 ParOldGen       total 64512K, used 22753K [0x00000000a2000000, 0x00000000a5f00000, 0x00000000e0b00000)
  object space 64512K, 35% used [0x00000000a2000000,0x00000000a3638488,0x00000000a5f00000)
 Metaspace       used 20640K, capacity 21158K, committed 21296K, reserved 1069056K
  class space    used 2499K, capacity 2655K, committed 2688K, reserved 1048576K
Event: 13.301 GC heap after
Heap after GC invocations=6 (full 0):
 PSYoungGen      total 101888K, used 3552K [0x00000000e0b00000, 0x00000000e7200000, 0x0000000100000000)
  eden space 98304K, 0% used [0x00000000e0b00000,0x00000000e0b00000,0x00000000e6b00000)
  from space 3584K, 99% used [0x00000000e6e80000,0x00000000e71f8020,0x00000000e7200000)
  to   space 3584K, 0% used [0x00000000e6b00000,0x00000000e6b00000,0x00000000e6e80000)
 ParOldGen       total 64512K, used 24805K [0x00000000a2000000, 0x00000000a5f00000, 0x00000000e0b00000)
  object space 64512K, 38% used [0x00000000a2000000,0x00000000a38395d0,0x00000000a5f00000)
 Metaspace       used 20640K, capacity 21158K, committed 21296K, reserved 1069056K
  class space    used 2499K, capacity 2655K, committed 2688K, reserved 1048576K
}
Event: 13.301 GC heap before
{Heap before GC invocations=7 (full 1):
 PSYoungGen      total 101888K, used 3552K [0x00000000e0b00000, 0x00000000e7200000, 0x0000000100000000)
  eden space 98304K, 0% used [0x00000000e0b00000,0x00000000e0b00000,0x00000000e6b00000)
  from space 3584K, 99% used [0x00000000e6e80000,0x00000000e71f8020,0x00000000e7200000)
  to   space 3584K, 0% used [0x00000000e6b00000,0x00000000e6b00000,0x00000000e6e80000)
 ParOldGen       total 64512K, used 24805K [0x00000000a2000000, 0x00000000a5f00000, 0x00000000e0b00000)
  object space 64512K, 38% used [0x00000000a2000000,0x00000000a38395d0,0x00000000a5f00000)
 Metaspace       used 20640K, capacity 21158K, committed 21296K, reserved 1069056K
  class space    used 2499K, capacity 2655K, committed 2688K, reserved 1048576K
Event: 13.695 GC heap after
Heap after GC invocations=7 (full 1):
 PSYoungGen      total 101888K, used 0K [0x00000000e0b00000, 0x00000000e7200000, 0x0000000100000000)
  eden space 98304K, 0% used [0x00000000e0b00000,0x00000000e0b00000,0x00000000e6b00000)
  from space 3584K, 0% used [0x00000000e6e80000,0x00000000e6e80000,0x00000000e7200000)
  to   space 3584K, 0% used [0x00000000e6b00000,0x00000000e6b00000,0x00000000e6e80000)
 ParOldGen       total 71168K, used 20218K [0x00000000a2000000, 0x00000000a6580000, 0x00000000e0b00000)
  object space 71168K, 28% used [0x00000000a2000000,0x00000000a33be8e0,0x00000000a6580000)
 Metaspace       used 20640K, capacity 21158K, committed 21296K, reserved 1069056K
  class space    used 2499K, capacity 2655K, committed 2688K, reserved 1048576K
}
Event: 19.166 GC heap before
{Heap before GC invocations=8 (full 1):
 PSYoungGen      total 101888K, used 98304K [0x00000000e0b00000, 0x00000000e7200000, 0x0000000100000000)
  eden space 98304K, 100% used [0x00000000e0b00000,0x00000000e6b00000,0x00000000e6b00000)
  from space 3584K, 0% used [0x00000000e6e80000,0x00000000e6e80000,0x00000000e7200000)
  to   space 3584K, 0% used [0x00000000e6b00000,0x00000000e6b00000,0x00000000e6e80000)
 ParOldGen       total 71168K, used 20218K [0x00000000a2000000, 0x00000000a6580000, 0x00000000e0b00000)
  object space 71168K, 28% used [0x00000000a2000000,0x00000000a33be8e0,0x00000000a6580000)
 Metaspace       used 25210K, capacity 25806K, committed 26112K, reserved 1073152K
  class space    used 3016K, capacity 3218K, committed 3328K, reserved 1048576K
Event: 19.251 GC heap after
Heap after GC invocations=8 (full 1):
 PSYoungGen      total 101888K, used 3575K [0x00000000e0b00000, 0x00000000eb780000, 0x0000000100000000)
  eden space 98304K, 0% used [0x00000000e0b00000,0x00000000e0b00000,0x00000000e6b00000)
  from space 3584K, 99% used [0x00000000e6b00000,0x00000000e6e7de70,0x00000000e6e80000)
  to   space 22528K, 0% used [0x00000000ea180000,0x00000000ea180000,0x00000000eb780000)
 ParOldGen       total 71168K, used 44007K [0x00000000a2000000, 0x00000000a6580000, 0x00000000e0b00000)
  object space 71168K, 61% used [0x00000000a2000000,0x00000000a4af9fe0,0x00000000a6580000)
 Metaspace       used 25210K, capacity 25806K, committed 26112K, reserved 1073152K
  class space    used 3016K, capacity 3218K, committed 3328K, reserved 1048576K
}

