# JRE version: Java(TM) SE Runtime Environment (8.0_171-b11) (build 1.8.0_171-b11)
# Java VM: Java HotSpot(TM) 64-Bit Server VM (25.171-b11 mixed mode windows-amd64 compressed oops)
Heap:
 PSYoungGen      total 101888K, used 9527K [0x00000000e0b00000, 0x00000000e7200000, 0x0000000100000000)
  eden space 98304K, 9% used [0x00000000e0b00000,0x00000000e144dcd8,0x00000000e6b00000)
  from space 3584K, 0% used [0x00000000e6e80000,0x00000000e6e80000,0x00000000e7200000)
  to   space 3584K, 0% used [0x00000000e6b00000,0x00000000e6b00000,0x00000000e6e80000)
 ParOldGen       total 66048K, used 20231K [0x00000000a2000000, 0x00000000a6080000, 0x00000000e0b00000)
  object space 66048K, 30% used [0x00000000a2000000,0x00000000a33c1fd8,0x00000000a6080000)
 Metaspace       used 21573K, capacity 22150K, committed 22448K, reserved 1069056K
  class space    used 2594K, capacity 2751K, committed 2816K, reserved 1048576K
GC Heap History (10 events):
Event: 7.857 GC heap before
{Heap before GC invocations=3 (full 0):
 PSYoungGen      total 52736K, used 52706K [0x00000000e0b00000, 0x00000000e4200000, 0x0000000100000000)
  eden space 49152K, 100% used [0x00000000e0b00000,0x00000000e3b00000,0x00000000e3b00000)
  from space 3584K, 99% used [0x00000000e3e80000,0x00000000e41f8a00,0x00000000e4200000)
  to   space 3584K, 0% used [0x00000000e3b00000,0x00000000e3b00000,0x00000000e3e80000)
 ParOldGen       total 64512K, used 2523K [0x00000000a2000000, 0x00000000a5f00000, 0x00000000e0b00000)
  object space 64512K, 3% used [0x00000000a2000000,0x00000000a2276d90,0x00000000a5f00000)
 Metaspace       used 14869K, capacity 15080K, committed 15360K, reserved 1062912K
  class space    used 1834K, capacity 1940K, committed 2048K, reserved 1048576K
Event: 7.902 GC heap after
Heap after GC invocations=3 (full 0):
 PSYoungGen      total 52736K, used 3552K [0x00000000e0b00000, 0x00000000e7200000, 0x0000000100000000)
  eden space 49152K, 0% used [0x00000000e0b00000,0x00000000e0b00000,0x00000000e3b00000)
  from space 3584K, 99% used [0x00000000e3b00000,0x00000000e3e78020,0x00000000e3e80000)
  to   space 3584K, 0% used [0x00000000e6e80000,0x00000000e6e80000,0x00000000e7200000)
 ParOldGen       total 64512K, used 9157K [0x00000000a2000000, 0x00000000a5f00000, 0x00000000e0b00000)
  object space 64512K, 14% used [0x00000000a2000000,0x00000000a28f16c0,0x00000000a5f00000)
 Metaspace       used 14869K, capacity 15080K, committed 15360K, reserved 1062912K
  class space    used 1834K, capacity 1940K, committed 2048K, reserved 1048576K
}
Event: 9.539 GC heap before
{Heap before GC invocations=4 (full 0):
 PSYoungGen      total 52736K, used 52704K [0x00000000e0b00000, 0x00000000e7200000, 0x0000000100000000)
  eden space 49152K, 100% used [0x00000000e0b00000,0x00000000e3b00000,0x00000000e3b00000)
  from space 3584K, 99% used [0x00000000e3b00000,0x00000000e3e78020,0x00000000e3e80000)
  to   space 3584K, 0% used [0x00000000e6e80000,0x00000000e6e80000,0x00000000e7200000)
 ParOldGen       total 64512K, used 9157K [0x00000000a2000000, 0x00000000a5f00000, 0x00000000e0b00000)
  object space 64512K, 14% used [0x00000000a2000000,0x00000000a28f16c0,0x00000000a5f00000)
 Metaspace       used 15424K, capacity 15630K, committed 15872K, reserved 1062912K
  class space    used 1868K, capacity 1973K, committed 2048K, reserved 1048576K
Event: 9.591 GC heap after
Heap after GC invocations=4 (full 0):
 PSYoungGen      total 101888K, used 3552K [0x00000000e0b00000, 0x00000000e7200000, 0x0000000100000000)
  eden space 98304K, 0% used [0x00000000e0b00000,0x00000000e0b00000,0x00000000e6b00000)
  from space 3584K, 99% used [0x00000000e6e80000,0x00000000e71f8020,0x00000000e7200000)
  to   space 3584K, 0% used [0x00000000e6b00000,0x00000000e6b00000,0x00000000e6e80000)
 ParOldGen       total 64512K, used 15447K [0x00000000a2000000, 0x00000000a5f00000, 0x00000000e0b00000)
  object space 64512K, 23% used [0x00000000a2000000,0x00000000a2f15c48,0x00000000a5f00000)
 Metaspace       used 15424K, capacity 15630K, committed 15872K, reserved 1062912K
  class space    used 1868K, capacity 1973K, committed 2048K, reserved 1048576K
}
Event: 12.581 GC heap before
{Heap before GC invocations=5 (full 0):
 PSYoungGen      total 101888K, used 101856K [0x00000000e0b00000, 0x00000000e7200000, 0x0000000100000000)
  eden space 98304K, 100% used [0x00000000e0b00000,0x00000000e6b00000,0x00000000e6b00000)
  from space 3584K, 99% used [0x00000000e6e80000,0x00000000e71f8020,0x00000000e7200000)
  to   space 3584K, 0% used [0x00000000e6b00000,0x00000000e6b00000,0x00000000e6e80000)
 ParOldGen       total 64512K, used 15447K [0x00000000a2000000, 0x00000000a5f00000, 0x00000000e0b00000)
  object space 64512K, 23% used [0x00000000a2000000,0x00000000a2f15c48,0x00000000a5f00000)
 Metaspace       used 17125K, capacity 17562K, committed 17792K, reserved 1064960K
  class space    used 2021K, capacity 2159K, committed 2176K, reserved 1048576K
Event: 12.607 GC heap after
Heap after GC invocations=5 (full 0):
 PSYoungGen      total 101888K, used 3552K [0x00000000e0b00000, 0x00000000e7200000, 0x0000000100000000)
  eden space 98304K, 0% used [0x00000000e0b00000,0x00000000e0b00000,0x00000000e6b00000)
  from space 3584K, 99% used [0x00000000e6b00000,0x00000000e6e78020,0x00000000e6e80000)
  to   space 3584K, 0% used [0x00000000e6e80000,0x00000000e6e80000,0x00000000e7200000)
 ParOldGen       total 64512K, used 22815K [0x00000000a2000000, 0x00000000a5f00000, 0x00000000e0b00000)
  object space 64512K, 35% used [0x00000000a2000000,0x00000000a3647d58,0x00000000a5f00000)
 Metaspace       used 17125K, capacity 17562K, committed 17792K, reserved 1064960K
  class space    used 2021K, capacity 2159K, committed 2176K, reserved 1048576K
}
Event: 13.514 GC heap before
{Heap before GC invocations=6 (full 0):
 PSYoungGen      total 101888K, used 23331K [0x00000000e0b00000, 0x00000000e7200000, 0x0000000100000000)
  eden space 98304K, 20% used [0x00000000e0b00000,0x00000000e1e50f08,0x00000000e6b00000)
  from space 3584K, 99% used [0x00000000e6b00000,0x00000000e6e78020,0x00000000e6e80000)
  to   space 3584K, 0% used [0x00000000e6e80000,0x00000000e6e80000,0x00000000e7200000)
 ParOldGen       total 64512K, used 22815K [0x00000000a2000000, 0x00000000a5f00000, 0x00000000e0b00000)
  object space 64512K, 35% used [0x00000000a2000000,0x00000000a3647d58,0x00000000a5f00000)
 Metaspace       used 20662K, capacity 21158K, committed 21296K, reserved 1069056K
  class space    used 2501K, capacity 2655K, committed 2688K, reserved 1048576K
Event: 13.534 GC heap after
Heap after GC invocations=6 (full 0):
 PSYoungGen      total 101888K, used 3568K [0x00000000e0b00000, 0x00000000e7200000, 0x0000000100000000)
  eden space 98304K, 0% used [0x00000000e0b00000,0x00000000e0b00000,0x00000000e6b00000)
  from space 3584K, 99% used [0x00000000e6e80000,0x00000000e71fc010,0x00000000e7200000)
  to   space 3584K, 0% used [0x00000000e6b00000,0x00000000e6b00000,0x00000000e6e80000)
 ParOldGen       total 64512K, used 24852K [0x00000000a2000000, 0x00000000a5f00000, 0x00000000e0b00000)
  object space 64512K, 38% used [0x00000000a2000000,0x00000000a3845290,0x00000000a5f00000)
 Metaspace       used 20662K, capacity 21158K, committed 21296K, reserved 1069056K
  class space    used 2501K, capacity 2655K, committed 2688K, reserved 1048576K
}
Event: 13.534 GC heap before
{Heap before GC invocations=7 (full 1):
 PSYoungGen      total 101888K, used 3568K [0x00000000e0b00000, 0x00000000e7200000, 0x0000000100000000)
  eden space 98304K, 0% used [0x00000000e0b00000,0x00000000e0b00000,0x00000000e6b00000)
  from space 3584K, 99% used [0x00000000e6e80000,0x00000000e71fc010,0x00000000e7200000)
  to   space 3584K, 0% used [0x00000000e6b00000,0x00000000e6b00000,0x00000000e6e80000)
 ParOldGen       total 64512K, used 24852K [0x00000000a2000000, 0x00000000a5f00000, 0x00000000e0b00000)
  object space 64512K, 38% used [0x00000000a2000000,0x00000000a3845290,0x00000000a5f00000)
 Metaspace       used 20662K, capacity 21158K, committed 21296K, reserved 1069056K
  class space    used 2501K, capacity 2655K, committed 2688K, reserved 1048576K
Event: 13.709 GC heap after
Heap after GC invocations=7 (full 1):
 PSYoungGen      total 101888K, used 0K [0x00000000e0b00000, 0x00000000e7200000, 0x0000000100000000)
  eden space 98304K, 0% used [0x00000000e0b00000,0x00000000e0b00000,0x00000000e6b00000)
  from space 3584K, 0% used [0x00000000e6e80000,0x00000000e6e80000,0x00000000e7200000)
  to   space 3584K, 0% used [0x00000000e6b00000,0x00000000e6b00000,0x00000000e6e80000)
 ParOldGen       total 66048K, used 20231K [0x00000000a2000000, 0x00000000a6080000, 0x00000000e0b00000)
  object space 66048K, 30% used [0x00000000a2000000,0x00000000a33c1fd8,0x00000000a6080000)
 Metaspace       used 20662K, capacity 21158K, committed 21296K, reserved 1069056K
  class space    used 2501K, capacity 2655K, committed 2688K, reserved 1048576K
}

