# JRE version: Java(TM) SE Runtime Environment (8.0_171-b11) (build 1.8.0_171-b11)
# Java VM: Java HotSpot(TM) 64-Bit Server VM (25.171-b11 mixed mode windows-amd64 compressed oops)
Heap:
 PSYoungGen      total 52736K, used 22219K [0x00000000e0b00000, 0x00000000e7200000, 0x0000000100000000)
  eden space 49152K, 37% used [0x00000000e0b00000,0x00000000e1d3af78,0x00000000e3b00000)
  from space 3584K, 99% used [0x00000000e3b00000,0x00000000e3e78040,0x00000000e3e80000)
  to   space 3584K, 0% used [0x00000000e6e80000,0x00000000e6e80000,0x00000000e7200000)
 ParOldGen       total 64512K, used 9004K [0x00000000a2000000, 0x00000000a5f00000, 0x00000000e0b00000)
  object space 64512K, 13% used [0x00000000a2000000,0x00000000a28cb0b0,0x00000000a5f00000)
 Metaspace       used 15101K, capacity 15272K, committed 15616K, reserved 1062912K
  class space    used 1843K, capacity 1940K, committed 2048K, reserved 1048576K
GC Heap History (6 events):
Event: 2.612 GC heap before
{Heap before GC invocations=1 (full 0):
 PSYoungGen      total 28160K, used 24576K [0x00000000e0b00000, 0x00000000e2a00000, 0x0000000100000000)
  eden space 24576K, 100% used [0x00000000e0b00000,0x00000000e2300000,0x00000000e2300000)
  from space 3584K, 0% used [0x00000000e2680000,0x00000000e2680000,0x00000000e2a00000)
  to   space 3584K, 0% used [0x00000000e2300000,0x00000000e2300000,0x00000000e2680000)
 ParOldGen       total 64512K, used 0K [0x00000000a2000000, 0x00000000a5f00000, 0x00000000e0b00000)
  object space 64512K, 0% used [0x00000000a2000000,0x00000000a2000000,0x00000000a5f00000)
 Metaspace       used 7936K, capacity 8124K, committed 8320K, reserved 1056768K
  class space    used 971K, capacity 1048K, committed 1152K, reserved 1048576K
Event: 2.640 GC heap after
Heap after GC invocations=1 (full 0):
 PSYoungGen      total 28160K, used 3572K [0x00000000e0b00000, 0x00000000e4200000, 0x0000000100000000)
  eden space 24576K, 0% used [0x00000000e0b00000,0x00000000e0b00000,0x00000000e2300000)
  from space 3584K, 99% used [0x00000000e2300000,0x00000000e267d368,0x00000000e2680000)
  to   space 3584K, 0% used [0x00000000e3e80000,0x00000000e3e80000,0x00000000e4200000)
 ParOldGen       total 64512K, used 1092K [0x00000000a2000000, 0x00000000a5f00000, 0x00000000e0b00000)
  object space 64512K, 1% used [0x00000000a2000000,0x00000000a2111238,0x00000000a5f00000)
 Metaspace       used 7936K, capacity 8124K, committed 8320K, reserved 1056768K
  class space    used 971K, capacity 1048K, committed 1152K, reserved 1048576K
}
Event: 4.066 GC heap before
{Heap before GC invocations=2 (full 0):
 PSYoungGen      total 28160K, used 28148K [0x00000000e0b00000, 0x00000000e4200000, 0x0000000100000000)
  eden space 24576K, 100% used [0x00000000e0b00000,0x00000000e2300000,0x00000000e2300000)
  from space 3584K, 99% used [0x00000000e2300000,0x00000000e267d368,0x00000000e2680000)
  to   space 3584K, 0% used [0x00000000e3e80000,0x00000000e3e80000,0x00000000e4200000)
 ParOldGen       total 64512K, used 1092K [0x00000000a2000000, 0x00000000a5f00000, 0x00000000e0b00000)
  object space 64512K, 1% used [0x00000000a2000000,0x00000000a2111238,0x00000000a5f00000)
 Metaspace       used 10156K, capacity 10260K, committed 10368K, reserved 1058816K
  class space    used 1245K, capacity 1309K, committed 1408K, reserved 1048576K
Event: 4.084 GC heap after
Heap after GC invocations=2 (full 0):
 PSYoungGen      total 52736K, used 3557K [0x00000000e0b00000, 0x00000000e4200000, 0x0000000100000000)
  eden space 49152K, 0% used [0x00000000e0b00000,0x00000000e0b00000,0x00000000e3b00000)
  from space 3584K, 99% used [0x00000000e3e80000,0x00000000e41f9670,0x00000000e4200000)
  to   space 3584K, 0% used [0x00000000e3b00000,0x00000000e3b00000,0x00000000e3e80000)
 ParOldGen       total 64512K, used 2446K [0x00000000a2000000, 0x00000000a5f00000, 0x00000000e0b00000)
  object space 64512K, 3% used [0x00000000a2000000,0x00000000a2263890,0x00000000a5f00000)
 Metaspace       used 10156K, capacity 10260K, committed 10368K, reserved 1058816K
  class space    used 1245K, capacity 1309K, committed 1408K, reserved 1048576K
}
Event: 8.101 GC heap before
{Heap before GC invocations=3 (full 0):
 PSYoungGen      total 52736K, used 52709K [0x00000000e0b00000, 0x00000000e4200000, 0x0000000100000000)
  eden space 49152K, 100% used [0x00000000e0b00000,0x00000000e3b00000,0x00000000e3b00000)
  from space 3584K, 99% used [0x00000000e3e80000,0x00000000e41f9670,0x00000000e4200000)
  to   space 3584K, 0% used [0x00000000e3b00000,0x00000000e3b00000,0x00000000e3e80000)
 ParOldGen       total 64512K, used 2446K [0x00000000a2000000, 0x00000000a5f00000, 0x00000000e0b00000)
  object space 64512K, 3% used [0x00000000a2000000,0x00000000a2263890,0x00000000a5f00000)
 Metaspace       used 14888K, capacity 15080K, committed 15360K, reserved 1062912K
  class space    used 1835K, capacity 1940K, committed 2048K, reserved 1048576K
Event: 8.184 GC heap after
Heap after GC invocations=3 (full 0):
 PSYoungGen      total 52736K, used 3552K [0x00000000e0b00000, 0x00000000e7200000, 0x0000000100000000)
  eden space 49152K, 0% used [0x00000000e0b00000,0x00000000e0b00000,0x00000000e3b00000)
  from space 3584K, 99% used [0x00000000e3b00000,0x00000000e3e78040,0x00000000e3e80000)
  to   space 3584K, 0% used [0x00000000e6e80000,0x00000000e6e80000,0x00000000e7200000)
 ParOldGen       total 64512K, used 9004K [0x00000000a2000000, 0x00000000a5f00000, 0x00000000e0b00000)
  object space 64512K, 13% used [0x00000000a2000000,0x00000000a28cb0b0,0x00000000a5f00000)
 Metaspace       used 14888K, capacity 15080K, committed 15360K, reserved 1062912K
  class space    used 1835K, capacity 1940K, committed 2048K, reserved 1048576K
}

